<?xml version="1.0" encoding="UTF-8"?>
<!-- Generated by org.testng.reporters.JUnitReportReporter -->
<testsuite hostname="DESKTOP-LRDQBUE" name="runners.MainRunner" tests="2" failures="0" timestamp="27 Feb 2020 05:51:09 GMT" time="18.219" errors="0">
  <testcase name="feature" time="4.043" classname="runners.MainRunner"/>
  <testcase name="feature" time="14.176" classname="runners.MainRunner"/>
</testsuite> <!-- runners.MainRunner -->
